<?xml version="1.0" encoding="UTF-8"?>
<!-- Generated by org.testng.reporters.JUnitReportReporter -->
<testsuite hostname="LAPTOP-47QTM0MA" name="com.carinsurance.testcases.NewTest" tests="1" failures="0" timestamp="2 Jul 2017 05:11:01 GMT" time="0.012" errors="0">
  <testcase name="f" time="0.012" classname="com.carinsurance.testcases.NewTest"/>
</testsuite> <!-- com.carinsurance.testcases.NewTest -->
